[debug] [2023-07-14T05:46:19.403Z] ----------------------------------------------------------------------
[debug] [2023-07-14T05:46:19.406Z] Command:       C:\Program Files\nodejs\node.exe C:\Users\Administrator\AppData\Roaming\npm\node_modules\firebase-tools\lib\bin\firebase.js init
[debug] [2023-07-14T05:46:19.406Z] CLI Version:   12.4.4
[debug] [2023-07-14T05:46:19.407Z] Platform:      win32
[debug] [2023-07-14T05:46:19.407Z] Node Version:  v18.16.1
[debug] [2023-07-14T05:46:19.408Z] Time:          Fri Jul 14 2023 11:16:19 GMT+0530 (India Standard Time)
[debug] [2023-07-14T05:46:19.409Z] ----------------------------------------------------------------------
[debug] 
[debug] [2023-07-14T05:46:19.419Z] > command requires scopes: ["email","openid","https://www.googleapis.com/auth/cloudplatformprojects.readonly","https://www.googleapis.com/auth/firebase","https://www.googleapis.com/auth/cloud-platform"]
[debug] [2023-07-14T05:46:19.420Z] > authorizing via signed-in user (sravya.1812@gmail.com)
[info] 
     ######## #### ########  ######## ########     ###     ######  ########
     ##        ##  ##     ## ##       ##     ##  ##   ##  ##       ##
     ######    ##  ########  ######   ########  #########  ######  ######
     ##        ##  ##    ##  ##       ##     ## ##     ##       ## ##
     ##       #### ##     ## ######## ########  ##     ##  ######  ########

You're about to initialize a Firebase project in this directory:

  C:\Users\Administrator\Desktop\FrontendWorkspace\dell_angular_stuff

[info] 
=== Project Setup
[info] 
[info] First, let's associate this project directory with a Firebase project.
[info] You can create multiple project aliases by running firebase use --add, 
[info] but for now we'll just set up a default project.
[info] 
[debug] [2023-07-14T05:46:32.644Z] >>> [apiv2][query] GET https://firebase.googleapis.com/v1beta1/projects pageSize=100
[debug] [2023-07-14T05:46:33.485Z] <<< [apiv2][status] GET https://firebase.googleapis.com/v1beta1/projects 200
[debug] [2023-07-14T05:46:33.485Z] <<< [apiv2][body] GET https://firebase.googleapis.com/v1beta1/projects [omitted]
[info] i  Using project fb-testing-e6bd4 (fb-testing) 
[info] 
=== Hosting Setup
[info] 
[info] Your public directory is the folder (relative to your project directory) that
[info] will contain Hosting assets to be uploaded with firebase deploy. If you
[info] have a build process for your assets, use your build's output directory.
[info] 
[debug] [2023-07-14T05:49:51.117Z] >>> [apiv2][query] GET https://www.gstatic.com/firebasejs/releases.json [none]
[debug] [2023-07-14T05:49:51.242Z] <<< [apiv2][status] GET https://www.gstatic.com/firebasejs/releases.json 200
[debug] [2023-07-14T05:49:51.243Z] <<< [apiv2][body] GET https://www.gstatic.com/firebasejs/releases.json {"current":{"version":"10.0.0","browserURL":"https://www.gstatic.com/firebasejs/10.0.0/firebase.js","packageURL":"https://www.gstatic.com/firebasejs/10.0.0/firebase.tgz"},"live":{"version":"10.0","browserURL":"https://www.gstatic.com/firebasejs/live/10.0/firebase.js","packageURL":"https://www.gstatic.com/firebasejs/live/10.0/firebase.tgz"},"components":{"analytics":"https://www.gstatic.com/firebasejs/10.0.0/firebase-analytics.js","app":"https://www.gstatic.com/firebasejs/10.0.0/firebase-app.js","app-check":"https://www.gstatic.com/firebasejs/10.0.0/firebase-app-check.js","auth":"https://www.gstatic.com/firebasejs/10.0.0/firebase-auth.js","auth/cordova":"https://www.gstatic.com/firebasejs/10.0.0/firebase-auth/cordova.js","functions":"https://www.gstatic.com/firebasejs/10.0.0/firebase-functions.js","firestore":"https://www.gstatic.com/firebasejs/10.0.0/firebase-firestore.js","firestore/lite":"https://www.gstatic.com/firebasejs/10.0.0/firebase-firestore/lite.js","installations":"https://www.gstatic.com/firebasejs/10.0.0/firebase-installations.js","storage":"https://www.gstatic.com/firebasejs/10.0.0/firebase-storage.js","performance":"https://www.gstatic.com/firebasejs/10.0.0/firebase-performance.js","remote-config":"https://www.gstatic.com/firebasejs/10.0.0/firebase-remote-config.js","messaging":"https://www.gstatic.com/firebasejs/10.0.0/firebase-messaging.js","messaging/sw":"https://www.gstatic.com/firebasejs/10.0.0/firebase-messaging/sw.js","database":"https://www.gstatic.com/firebasejs/10.0.0/firebase-database.js","firestore.memory":"https://www.gstatic.com/firebasejs/10.0.0/firebase-firestore.memory.js"}}
[info] +  Wrote dest/dell_angular_stuff/index.html 
[info] 
[info] i  Didn't detect a .git folder. Assuming C:\Users\Administrator\Desktop\FrontendWorkspace\dell_angular_stuff is the project root. 
[info] i  Authorizing with GitHub to upload your service account to a GitHub repository's secrets store. 
[info] 
[info] Visit this URL on this device to log in:
[info] https://github.com/login/oauth/authorize?client_id=89cf50f02ac6aaed3484&state=364681860&redirect_uri=http%3A%2F%2Flocalhost%3A9005&scope=read%3Auser%20repo%20public_repo
[info] 
[info] Waiting for authentication...
[debug] [2023-07-14T05:55:04.294Z] >>> [apiv2][query] POST https://github.com/login/oauth/access_token [none]
[debug] [2023-07-14T05:55:04.295Z] >>> [apiv2][body] POST https://github.com/login/oauth/access_token [stream]
[debug] [2023-07-14T05:55:04.707Z] <<< [apiv2][status] POST https://github.com/login/oauth/access_token 200
[debug] [2023-07-14T05:55:04.708Z] <<< [apiv2][body] POST https://github.com/login/oauth/access_token {"access_token":"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","token_type":"bearer","scope":"read:user,repo"}
[debug] [2023-07-14T05:55:04.716Z] >>> [apiv2][query] GET https://api.github.com/user [none]
[debug] [2023-07-14T05:55:05.158Z] <<< [apiv2][status] GET https://api.github.com/user 200
[debug] [2023-07-14T05:55:05.159Z] <<< [apiv2][body] GET https://api.github.com/user {"login":"sravyayarabati","id":139531728,"node_id":"U_kgDOCFEV0A","avatar_url":"https://avatars.githubusercontent.com/u/139531728?v=4","gravatar_id":"","url":"https://api.github.com/users/sravyayarabati","html_url":"https://github.com/sravyayarabati","followers_url":"https://api.github.com/users/sravyayarabati/followers","following_url":"https://api.github.com/users/sravyayarabati/following{/other_user}","gists_url":"https://api.github.com/users/sravyayarabati/gists{/gist_id}","starred_url":"https://api.github.com/users/sravyayarabati/starred{/owner}{/repo}","subscriptions_url":"https://api.github.com/users/sravyayarabati/subscriptions","organizations_url":"https://api.github.com/users/sravyayarabati/orgs","repos_url":"https://api.github.com/users/sravyayarabati/repos","events_url":"https://api.github.com/users/sravyayarabati/events{/privacy}","received_events_url":"https://api.github.com/users/sravyayarabati/received_events","type":"User","site_admin":false,"name":null,"company":null,"blog":"","location":null,"email":null,"hireable":null,"bio":null,"twitter_username":null,"public_repos":0,"public_gists":0,"followers":0,"following":0,"created_at":"2023-07-14T05:53:17Z","updated_at":"2023-07-14T05:53:17Z","private_gists":0,"total_private_repos":0,"owned_private_repos":0,"disk_usage":0,"collaborators":0,"two_factor_authentication":false,"plan":{"name":"free","space":976562499,"collaborators":0,"private_repos":10000}}
[info] 
[info] +  Success! Logged into GitHub as sravyayarabati 
[info] 
[debug] [2023-07-14T05:58:16.575Z] >>> [apiv2][query] GET https://api.github.com/repos/https://github.com/sravyayarabati/dell_angular_stuff.git/actions/secrets/public-key type=owner
[debug] [2023-07-14T05:58:17.811Z] <<< [apiv2][status] GET https://api.github.com/repos/https://github.com/sravyayarabati/dell_angular_stuff.git/actions/secrets/public-key 404
[debug] [2023-07-14T05:58:17.811Z] <<< [apiv2][body] GET https://api.github.com/repos/https://github.com/sravyayarabati/dell_angular_stuff.git/actions/secrets/public-key {"message":"Not Found","documentation_url":"https://docs.github.com/rest"}
[info] 
[info] 
[error] !  The provided authorization cannot be used with this repository. If this repository is in an organization, did you remember to grant access? 
[info] 
[info] i  Action required: Visit this URL to ensure access has been granted to the appropriate organization(s) for the Firebase CLI GitHub OAuth App: 
[info] https://github.com/settings/connections/applications/89cf50f02ac6aaed3484
[info] 
[debug] [2023-07-14T05:58:23.794Z] >>> [apiv2][query] GET https://api.github.com/repos/https://github.com/sravyayarabati/dell_angular_stuff.git/actions/secrets/public-key type=owner
[debug] [2023-07-14T05:58:24.128Z] <<< [apiv2][status] GET https://api.github.com/repos/https://github.com/sravyayarabati/dell_angular_stuff.git/actions/secrets/public-key 404
[debug] [2023-07-14T05:58:24.128Z] <<< [apiv2][body] GET https://api.github.com/repos/https://github.com/sravyayarabati/dell_angular_stuff.git/actions/secrets/public-key {"message":"Not Found","documentation_url":"https://docs.github.com/rest"}
[info] 
[info] 
[error] !  The provided authorization cannot be used with this repository. If this repository is in an organization, did you remember to grant access? 
[info] 
[info] i  Action required: Visit this URL to ensure access has been granted to the appropriate organization(s) for the Firebase CLI GitHub OAuth App: 
[info] https://github.com/settings/connections/applications/89cf50f02ac6aaed3484
[info] 
